<?xml version="1.0" encoding="UTF-8" ?>
<testsuite tests="5" failures="0" name="sp.prolabtest.SquirtleTest" time="0.001" errors="0" skipped="0">
  <properties>
[...]
</properties>
  <testcase classname="sp.prolabtest.SquirtleTest" name="PokemonIdTest" time="0"/>
  <testcase classname="sp.prolabtest.SquirtleTest" name="PokemonTipTest" time="0"/>
  <testcase classname="sp.prolabtest.SquirtleTest" name="PokemonAdiTest" time="0.001"/>
  <testcase classname="sp.prolabtest.SquirtleTest" name="isKartKullanildiMiTest" time="0"/>
  <testcase classname="sp.prolabtest.SquirtleTest" name="hasarPuaniTest" time="0"/>
</testsuite>