<?xml version="1.0" encoding="UTF-8" ?>
<testsuite tests="13" failures="0" name="sp.prolabtest.KullanicilarTestSuite" time="1.244" errors="0" skipped="0">
  <properties>
[...]
</properties>
  <testcase classname="sp.prolabtest.KullaniciPcTest" name="kontrolYapTest" time="1.134"/>
  <testcase classname="sp.prolabtest.KullaniciPcTest" name="kartUret2Test" time="0.006"/>
  <testcase classname="sp.prolabtest.KullaniciPcTest" name="SayiUretTest" time="0.007"/>
  <testcase classname="sp.prolabtest.KullaniciPcTest" name="kartUretTest" time="0.01"/>
  <testcase classname="sp.prolabtest.PcPcTest" name="kontrolYapTest" time="0.061"/>
  <testcase classname="sp.prolabtest.PcPcTest" name="kartUret2Test" time="0.008"/>
  <testcase classname="sp.prolabtest.PcPcTest" name="SayiUretTest" time="0.007"/>
  <testcase classname="sp.prolabtest.PcPcTest" name="kartUretTest" time="0.008"/>
  <testcase classname="sp.prolabtest.BilgisayarTest" name="OyuncuIdTest" time="0"/>
  <testcase classname="sp.prolabtest.BilgisayarTest" name="KartSecTest" time="0.003"/>
  <testcase classname="sp.prolabtest.BilgisayarTest" name="OyuncuAdiTest" time="0"/>
  <testcase classname="sp.prolabtest.BilgisayarTest" name="getKartListesiTest" time="0"/>
  <testcase classname="sp.prolabtest.BilgisayarTest" name="OyucununSkoruTest" time="0"/>
</testsuite>